380840810 : Time Stamp Activity Started
380840909 : FPSC-MapEditor.exe Begin
380843097 : FPSC-MapEditor.exe Loop Starts
380843248 : Loaded 1:common\ground.fps
380845094 : Loaded 1:common\ground.fps
380845307 : Loaded 2:\scifi\rooms\Military Base Mid.fps
380845362 : Loaded 3:\scifi\scenery\Door Vent Duct (auto).fps
380845569 : Loaded 4:\scifi\corridors\Ventilation Duct Straight.fps
380845636 : Loaded 5:\scifi\scenery\Door Control Room (auto).fps
380845840 : Loaded 6:\scifi\scenery\Lift Base (platform).fps
380845851 : Loaded 7:\scifi\scenery\Lift Tube.fps
380845866 : Loaded 8:\scifi\scenery\Lift Top.fps
380845928 : Loaded 9:\scifi\platforms\Staircase Lights.fps
380845940 : Loaded 10:\scifi\scenery\Door Vent Duct (remote).fps
380846008 : Loaded 11:\scifi\scenery\Window Large.fps
380846022 : Loaded 12:\scifi\scenery\Lift Top (platform).fps
380846035 : Loaded 13:\scifi\scenery\Lift Base.fps
380846099 : Loaded 1:_markers\trigger zone.fpe
380846130 : Loaded 2:_markers\sound zone.fpe
380846511 : Loaded 3:\user\hl2zombie.fpe
380846595 : Loaded 4:_markers\yellow light.fpe
380846690 : Loaded 5:_markers\player start.fpe
380846744 : Loaded 6:scifi\scenery\doors\door_d.fpe
380846807 : Loaded 7:\user\hl2zombie dead.fpe
380846867 : Loaded 8:scifi\scenery\doors\door_c.fpe
380846925 : Loaded 9:scifi\scenery\lifts\antigravlift.fpe
380846982 : Loaded 10:\scifi\furniturea\corpseA.fpe
380847190 : Loaded 11:\ww2\furniturea\itemj.fpe
380847540 : Loaded 12:\scifi\characters\Aiko (Unarmed).fpe
380847600 : Loaded 13:\generic\overlays\blood-splat.fpe
380847686 : Loaded 14:_markers\red light.fpe
380847701 : Loaded 15:scifi\scenery\doors\door_d_r.fpe
380847736 : Loaded 16:_markers\music zone.fpe
380847803 : Loaded 17:scifi\scenery\glass\fullview.fpe
380847840 : Loaded 18:\scifi\furniturea\cratef.fpe
380847862 : Loaded 19:\ww2\furniturea\itemb.fpe
380847962 : Loaded 20:_markers\player checkpoint.fpe
380848007 : Loaded 21:\scifi\furnitureb\storageC.fpe
380848037 : Loaded 22:_markers\story zone.fpe
380848096 : Loaded 23:\user\axe.fpe
380848185 : Loaded 24:\scifi\wall furniture\falsewallK.fpe
380848246 : Loaded 25:\scifi\furniturea\bedE.fpe
380848303 : Loaded 26:\scifi\furniturea\terminalD.fpe
380848361 : Loaded 27:\scifi\furnitureb\chairA.fpe
380848418 : Loaded 28:\ww2\furniturec\chaire.fpe
380848451 : Loaded 29:\generic\decals\fire.fpe
380848482 : Loaded 30:_markers\hurt zone.fpe
380848541 : Loaded 31:\ww2\scenery\doors\door_g.fpe
380848553 : Loaded 32:scifi\scenery\lifts\antigravliftdown.fpe
380848566 : Loaded 33:\ww2\scenery\doors\door_g_r.fpe
380848599 : Loaded 34:\Daniel\Decals\tv.fpe
380848623 : Loaded 35:\scifi\wall furniture\light4.fpe
380848635 : Loaded 36:\Daniel\Decals\sparks.fpe
380848693 : Loaded 37:\scifi\furniturea\structuralA.fpe
380848705 : Loaded 38:\Daniel\Decals\tvonly.fpe
380848750 : Loaded 39:\scifi\wall furniture\switch4.fpe
380848783 : Loaded 40:\scifi\items\key_1.fpe
380961598 : Loaded 1:\scifi\rooms\Elite Room Full.fps
380961610 : Loaded 2:\scifi\scenery\Window Large.fps
380961626 : Loaded 3:\scifi\scenery\Hole Large.fps
380961677 : Loaded 1:_markers\player start.fpe
380961688 : Loaded 2:scifi\scenery\glass\fullview.fpe
380961698 : Loaded 3:_markers\trigger zone.fpe
380961709 : Loaded 4:_markers\story zone.fpe
380961805 : Loaded 5:\ww2\furnitureb\structuralf.fpe
380961817 : Loaded 6:_markers\yellow light.fpe
380961827 : Loaded 7:_markers\hurt zone.fpe
380961838 : Loaded 8:\Daniel\Decals\sparks.fpe
380961848 : Loaded 9:\scifi\wall furniture\light4.fpe
380961858 : Loaded 10:_markers\sound zone.fpe
380962000 : Loaded 11:\scifi\wall furniture\falsewallI.fpe
380962012 : Loaded 12:\scifi\furniturea\structuralA.fpe
380962022 : Loaded 13:\scifi\items\key_1.fpe
380962034 : Loaded 14:\Daniel\Decals\tvonly.fpe
380962046 : Loaded 15:\ww2\furniturec\chaire.fpe
380962367 : Loaded 16:\scifi\items\glaive.fpe
380962379 : Loaded 17:\user\axe.fpe
380962392 : Loaded 18:\scifi\furniturea\cratef.fpe
380962446 : Loaded 19:\scifi\furniturea\crateh.fpe
380964016 : Loaded 20:\Viral Outbreak\Decayed 2.fpe
380964037 : Loaded 21:\generic\Benge sprites\light\Lightrays.fpe
380964174 : Loaded 22:\scifi\wall furniture\falsewallE.fpe
380964187 : Loaded 23:_markers\music zone.fpe
380965942 : Loaded 24:\dungeonpack\Characters\zombie.fpe
380967550 : Loaded 25:\dungeonpack\Characters\faceless_horror.fpe
380967690 : Loaded 26:\user\overlays\Seko's Blood Pack\Blood10.fpe
380967814 : Loaded 27:\user\overlays\Seko's Blood Pack\Blood09.fpe
380967927 : Loaded 28:\user\overlays\Seko's Blood Pack\Blood11.fpe
380968062 : Loaded 29:\user\overlays\Seko's Blood Pack\Blood13.fpe
380969748 : Loaded 30:\dungeonpack\Characters\shadow_hider.fpe
380969794 : Loaded 31:\generic\Benge sprites\light\Red flare.fpe
380969844 : Loaded 32:\generic\Benge sprites\emission\Fire.fpe
380969885 : Loaded 33:\generic\Benge sprites\emission\Flame.fpe
380969917 : Loaded 34:\Daniel\Decals\tv2.fpe
380969959 : Loaded 35:\generic\Benge sprites\emission\Black smoke.fpe
